<?xml version="1.0" encoding="UTF-8"?>
<!-- Generated by org.testng.reporters.JUnitReportReporter -->
<testsuite hostname="DESKTOP-UAETRNU" failures="0" tests="1" name="testcases.TendablechallengeTest" time="22.696" errors="0" timestamp="2024-08-03T10:18:59 IST" skipped="0">
  <testcase classname="testcases.TendablechallengeTest" name="verifyErrorMessage" time="22.696"/>
  <system-out/>
</testsuite> <!-- testcases.TendablechallengeTest -->
