<?xml version="1.0" encoding="UTF-8"?>
<!-- Generated by org.testng.reporters.JUnitReportReporter -->
<testsuite hostname="DESKTOP-UAETRNU" failures="0" tests="3" name="testcases.TendablechallengeTest" time="37.006" errors="0" timestamp="2024-08-05T23:26:37 IST" skipped="0">
  <testcase classname="testcases.TendablechallengeTest" name="verifyToplevelMenu" time="8.867"/>
  <system-out/>
  <testcase classname="testcases.TendablechallengeTest" name="verifyRequestDemo" time="14.351"/>
  <system-out/>
  <testcase classname="testcases.TendablechallengeTest" name="verifyErrorMessage" time="13.788"/>
  <system-out/>
</testsuite> <!-- testcases.TendablechallengeTest -->
