<?xml version="1.0" encoding="UTF-8"?>
<!-- Generated by org.testng.reporters.JUnitReportReporter -->
<testsuite hostname="DESKTOP-UAETRNU" failures="0" tests="3" name="testcases.FitPeoNavigation" time="20.415" errors="0" timestamp="2024-08-03T20:01:14 IST" skipped="0">
  <testcase classname="testcases.FitPeoNavigation" name="navigateToHomePage" time="6.113"/>
  <system-out/>
  <testcase classname="testcases.FitPeoNavigation" name="navigateToRevenueCalculatorPage" time="8.656"/>
  <system-out/>
  <testcase classname="testcases.FitPeoNavigation" name="navigateToRevenueCalculatorPageAndScrollDown" time="5.646"/>
  <system-out/>
</testsuite> <!-- testcases.FitPeoNavigation -->
